Unity Editor version:    2020.3.27f1 (e759542391ea)
Branch:                  2020.3/release
Build type:              Release
Batch mode:              YES
macOS version:           Version 11.7.10 (Build 20G1427)
Darwin version:          20.6.0
Architecture:            x86_64
Running under Rosetta:   NO
Available memory:        16384 MB
Using pre-set license
Pro License: NO

COMMAND LINE ARGUMENTS:
/Applications/2020.3.27f1/Unity.app/Contents/MacOS/Unity
-adb2
-batchMode
-noUpm
-name
AssetImportWorker0
-projectPath
/Users/game34/Desktop/create with code/Prototype 5
-logFile
Logs/AssetImportWorker0.log
-srvPort
62389
Successfully changed project path to: /Users/game34/Desktop/create with code/Prototype 5
Could not lock editor preferences. Preferences updates for this instance of Unity will not be saved./Users/game34/Desktop/create with code/Prototype 5
Using Asset Import Pipeline V2.
Refreshing native plugins compatible for Editor in 25.09 ms, found 2 plugins.
Preloading 0 native plugins for Editor in 0.00 ms.
Initialize engine version: 2020.3.27f1 (e759542391ea)
[Subsystems] Discovering subsystems at path /Applications/2020.3.27f1/Unity.app/Contents/Resources/UnitySubsystems
[Subsystems] Discovering subsystems at path /Users/game34/Desktop/create with code/Prototype 5/Assets
GfxDevice: creating device client; threaded=0
2025-02-24 12:08:15.440 Unity[13281:20326725] iMac preferred device: AMD Radeon Pro 5500 XT (high power)
2025-02-24 12:08:15.440 Unity[13281:20326725] Metal devices available: 1
2025-02-24 12:08:15.440 Unity[13281:20326725] 0: AMD Radeon Pro 5500 XT (high power)
2025-02-24 12:08:15.440 Unity[13281:20326725] Using device AMD Radeon Pro 5500 XT (high power)
Initializing Metal device caps: AMD Radeon Pro 5500 XT
Initialize mono
Mono path[0] = '/Applications/2020.3.27f1/Unity.app/Contents/Managed'
Mono path[1] = '/Applications/2020.3.27f1/Unity.app/Contents/MonoBleedingEdge/lib/mono/unityjit'
Mono config path = '/Applications/2020.3.27f1/Unity.app/Contents/MonoBleedingEdge/etc'
Using monoOptions --debugger-agent=transport=dt_socket,embedding=1,server=y,suspend=n,address=127.0.0.1:56281
Begin MonoManager ReloadAssembly
Registering precompiled unity dll's ...
Register platform support module: /Applications/2020.3.27f1/Unity.app/Contents/PlaybackEngines/MacStandaloneSupport/UnityEditor.OSXStandalone.Extensions.dll
Registered in 0.000443 seconds.
Native extension for OSXStandalone target not found
Refreshing native plugins compatible for Editor in 25.24 ms, found 2 plugins.
Preloading 0 native plugins for Editor in 0.00 ms.
Mono: successfully reloaded assembly
- Completed reload, in  0.517 seconds
Domain Reload Profiling:
	ReloadAssembly (517ms)
		BeginReloadAssembly (37ms)
			ExecutionOrderSort (0ms)
			DisableScriptedObjects (0ms)
			BackupInstance (0ms)
			ReleaseScriptingObjects (0ms)
			CreateAndSetChildDomain (1ms)
		EndReloadAssembly (414ms)
			LoadAssemblies (36ms)
			RebuildTransferFunctionScriptingTraits (0ms)
			SetupTypeCache (158ms)
			ReleaseScriptCaches (0ms)
			RebuildScriptCaches (32ms)
			SetupLoadedEditorAssemblies (151ms)
				LogAssemblyErrors (0ms)
				InitializePlatformSupportModulesInManaged (4ms)
				SetLoadedEditorAssemblies (0ms)
				RefreshPlugins (25ms)
				BeforeProcessingInitializeOnLoad (7ms)
				ProcessInitializeOnLoadAttributes (89ms)
				ProcessInitializeOnLoadMethodAttributes (25ms)
				AfterProcessingInitializeOnLoad (0ms)
				EditorAssembliesLoaded (0ms)
			ExecutionOrderSort2 (0ms)
			AwakeInstancesAfterBackupRestoration (0ms)
Platform modules already initialized, skipping
Registering precompiled user dll's ...
Registered in 0.001627 seconds.
Begin MonoManager ReloadAssembly
Native extension for OSXStandalone target not found
Refreshing native plugins compatible for Editor in 0.29 ms, found 2 plugins.
Preloading 0 native plugins for Editor in 0.00 ms.
Mono: successfully reloaded assembly
- Completed reload, in  0.912 seconds
Domain Reload Profiling:
	ReloadAssembly (912ms)
		BeginReloadAssembly (133ms)
			ExecutionOrderSort (0ms)
			DisableScriptedObjects (4ms)
			BackupInstance (0ms)
			ReleaseScriptingObjects (0ms)
			CreateAndSetChildDomain (25ms)
		EndReloadAssembly (724ms)
			LoadAssemblies (62ms)
			RebuildTransferFunctionScriptingTraits (0ms)
			SetupTypeCache (285ms)
			ReleaseScriptCaches (0ms)
			RebuildScriptCaches (43ms)
			SetupLoadedEditorAssemblies (240ms)
				LogAssemblyErrors (0ms)
				InitializePlatformSupportModulesInManaged (4ms)
				SetLoadedEditorAssemblies (0ms)
				RefreshPlugins (0ms)
				BeforeProcessingInitializeOnLoad (40ms)
				ProcessInitializeOnLoadAttributes (187ms)
				ProcessInitializeOnLoadMethodAttributes (8ms)
				AfterProcessingInitializeOnLoad (1ms)
				EditorAssembliesLoaded (0ms)
			ExecutionOrderSort2 (0ms)
			AwakeInstancesAfterBackupRestoration (6ms)
Platform modules already initialized, skipping
Validating Project structure ... 0.002576 seconds.
Shader import version has changed; will reimport all shaders...
Upgrading shader files ...0.010635 seconds.
Application.AssetDatabase Initial Script Refresh Start
RefreshInfo: InitialScriptRefreshV2(NoUpdateAssetOptions) scanfilter:  ... 1 filters
RefreshProfiler: Total: 0.000ms
Application.AssetDatabase Initial Script Refresh End
Application.AssetDatabase.Refresh Start
Application.AssetDatabase.Refresh End
RefreshInfo: StopAssetImportingV2(ForceSynchronousImport) scanfilter: 
RefreshProfiler: Total: 0.000ms
Launching external process: /Applications/2020.3.27f1/Unity.app/Contents/Tools/UnityShaderCompiler
Launched and connected shader compiler UnityShaderCompiler after 0.01 seconds
Initializing Unity extensions:
========================================================================
Worker process is ready to serve import requests
Refreshing native plugins compatible for Editor in 0.21 ms, found 2 plugins.
Preloading 0 native plugins for Editor in 0.00 ms.
Unloading 1521 Unused Serialized files (Serialized files now loaded: 0)
System memory in use before: 180.6 MB.
System memory in use after: 179.8 MB.

Unloading 83 unused Assets to reduce memory usage. Loaded Objects now: 1992.
Total: 2.511240 ms (FindLiveObjects: 0.114640 ms CreateObjectMapping: 0.040078 ms MarkObjects: 1.970108 ms  DeleteObjects: 0.385694 ms)

AssetImportParameters requested are different than current active one (requested -> active):
  custom:video-decoder-ogg-theora: a1e56fd34408186e4bbccfd4996cb3dc -> 
  custom:container-muxer-webm: aa71ff27fc2769a1b78a27578f13a17b -> 
  custom:container-demuxer-webm: 4f35f7cbe854078d1ac9338744f61a02 -> 
  custom:container-demuxer-ogg: 62fdf1f143b41e24485cea50d1cbac27 -> 
  custom:video-encoder-webm-vp8: eb34c28f22e8b96e1ab97ce403110664 -> 
  custom:framework-osx-AVFoundation: e770b220cccbd017edd2c1fefb359320 -> 
  custom:video-decoder-webm-vp8: 9c59270c3fd7afecdb556c50c9e8de78 -> 
  custom:audio-decoder-ogg-vorbis: bf7c407c2cedff20999df2af8eb42d56 -> 
  custom:audio-encoder-webm-vorbis: bf7c407c2cedff20999df2af8eb42d56 -> 
========================================================================
Received Import Request.
  path: Assets/Course Library/Materials/Border_Color.mat
  artifactKey: Guid(f4698df765882484da56b48c303119e1) Importer(815301076,1909f56bfc062723c751e8b465ee728b)
Start importing Assets/Course Library/Materials/Border_Color.mat using Guid(f4698df765882484da56b48c303119e1) Importer(815301076,1909f56bfc062723c751e8b465ee728b)  -> (artifact id: '4fef5bba8699d6b433758fe25098ec8f') in 0.910921 seconds 
  Import took 0.916538 seconds .

========================================================================
Received Import Request.
  Time since last request: 2.890259 seconds.
  path: Assets/Course Library/_Source_Files/FBX/Ball_8Ball.fbx
  artifactKey: Guid(4f58056fda9cf524ea52df48785846d9) Importer(815301076,1909f56bfc062723c751e8b465ee728b)
Start importing Assets/Course Library/_Source_Files/FBX/Ball_8Ball.fbx using Guid(4f58056fda9cf524ea52df48785846d9) Importer(815301076,1909f56bfc062723c751e8b465ee728b)  -> (artifact id: 'a9d0fcc3179bb535bd959df82b19244a') in 0.265784 seconds 
  Import took 0.270513 seconds .

========================================================================
Received Import Request.
  Time since last request: 0.000167 seconds.
  path: Assets/Course Library/_Source_Files/FBX/Items_Wine_01.fbx
  artifactKey: Guid(f9c04ce17e1bea441a2dde5505e10ed5) Importer(815301076,1909f56bfc062723c751e8b465ee728b)
Start importing Assets/Course Library/_Source_Files/FBX/Items_Wine_01.fbx using Guid(f9c04ce17e1bea441a2dde5505e10ed5) Importer(815301076,1909f56bfc062723c751e8b465ee728b)  -> (artifact id: '3da229eb07d7c07c5912e8f68a73fe74') in 0.102002 seconds 
  Import took 0.104310 seconds .

========================================================================
Received Import Request.
  Time since last request: 0.000130 seconds.
  path: Assets/Course Library/_Source_Files/FBX/SI_RadiationIcon.fbx
  artifactKey: Guid(658d96199cc7d3b4880fa76714523436) Importer(815301076,1909f56bfc062723c751e8b465ee728b)
Start importing Assets/Course Library/_Source_Files/FBX/SI_RadiationIcon.fbx using Guid(658d96199cc7d3b4880fa76714523436) Importer(815301076,1909f56bfc062723c751e8b465ee728b)  -> (artifact id: '120c4b41e0b764ad5902bb053dbfa7e8') in 0.014136 seconds 
  Import took 0.016555 seconds .

========================================================================
Received Import Request.
  Time since last request: 0.000127 seconds.
  path: Assets/Course Library/_Source_Files/FBX/SI_Food_Fish_Cooked.fbx
  artifactKey: Guid(85e4a8c480f09dc4183af326bee29e93) Importer(815301076,1909f56bfc062723c751e8b465ee728b)
Start importing Assets/Course Library/_Source_Files/FBX/SI_Food_Fish_Cooked.fbx using Guid(85e4a8c480f09dc4183af326bee29e93) Importer(815301076,1909f56bfc062723c751e8b465ee728b)  -> (artifact id: 'b25315c21aa6ec32d01bb103bde19775') in 0.011355 seconds 
  Import took 0.013540 seconds .

========================================================================
Received Import Request.
  Time since last request: 0.000132 seconds.
  path: Assets/Course Library/_Source_Files/FBX/Items_EnergyCan_01.fbx
  artifactKey: Guid(6b10d5dd38b22314f932fba49fc26253) Importer(815301076,1909f56bfc062723c751e8b465ee728b)
Start importing Assets/Course Library/_Source_Files/FBX/Items_EnergyCan_01.fbx using Guid(6b10d5dd38b22314f932fba49fc26253) Importer(815301076,1909f56bfc062723c751e8b465ee728b)  -> (artifact id: '01104d241a916e7601e95c216c09cfce') in 0.011515 seconds 
  Import took 0.013811 seconds .

========================================================================
Received Import Request.
  Time since last request: 0.000127 seconds.
  path: Assets/Course Library/_Source_Files/FBX/SI_FireIcon.fbx
  artifactKey: Guid(31e6dd0b1a83d2545a63dfc9ef21c42f) Importer(815301076,1909f56bfc062723c751e8b465ee728b)
Start importing Assets/Course Library/_Source_Files/FBX/SI_FireIcon.fbx using Guid(31e6dd0b1a83d2545a63dfc9ef21c42f) Importer(815301076,1909f56bfc062723c751e8b465ee728b)  -> (artifact id: '21ae30b0d2ee55e00c07ca509a443266') in 0.011352 seconds 
  Import took 0.013200 seconds .

========================================================================
Received Import Request.
  Time since last request: 0.000161 seconds.
  path: Assets/Course Library/_Source_Files/FBX/SI_MultiplierIcon.fbx
  artifactKey: Guid(7b2e43c7f0b75f54789417d03a4eb3cb) Importer(815301076,1909f56bfc062723c751e8b465ee728b)
Start importing Assets/Course Library/_Source_Files/FBX/SI_MultiplierIcon.fbx using Guid(7b2e43c7f0b75f54789417d03a4eb3cb) Importer(815301076,1909f56bfc062723c751e8b465ee728b)  -> (artifact id: '266ce0be522beb716d72b540054f1a20') in 0.010570 seconds 
  Import took 0.012374 seconds .

========================================================================
Received Import Request.
  Time since last request: 0.000144 seconds.
  path: Assets/Course Library/_Source_Files/FBX/SI_Food_Organic_Apple_03.fbx
  artifactKey: Guid(6294bcc7efeb481429886b9604a08df6) Importer(815301076,1909f56bfc062723c751e8b465ee728b)
Start importing Assets/Course Library/_Source_Files/FBX/SI_Food_Organic_Apple_03.fbx using Guid(6294bcc7efeb481429886b9604a08df6) Importer(815301076,1909f56bfc062723c751e8b465ee728b)  -> (artifact id: '795d8ecdfd7915cdf1ebadf94c20cee5') in 0.015316 seconds 
  Import took 0.017181 seconds .

========================================================================
Received Import Request.
  Time since last request: 0.000148 seconds.
  path: Assets/Course Library/_Source_Files/FBX/SM_Prop_Barrel_01.fbx
  artifactKey: Guid(270efc4fb3c7ef74cb77f88b77cefaa1) Importer(815301076,1909f56bfc062723c751e8b465ee728b)
Start importing Assets/Course Library/_Source_Files/FBX/SM_Prop_Barrel_01.fbx using Guid(270efc4fb3c7ef74cb77f88b77cefaa1) Importer(815301076,1909f56bfc062723c751e8b465ee728b)  -> (artifact id: '58a2148f7a01b7984ea3bcaccd49c6ba') in 0.012345 seconds 
  Import took 0.014579 seconds .

========================================================================
Received Import Request.
  Time since last request: 0.000140 seconds.
  path: Assets/Course Library/_Source_Files/FBX/SI_Food_Organic_Carrot.fbx
  artifactKey: Guid(7f76d896f2cc25048b6175b2d696a4c6) Importer(815301076,1909f56bfc062723c751e8b465ee728b)
Start importing Assets/Course Library/_Source_Files/FBX/SI_Food_Organic_Carrot.fbx using Guid(7f76d896f2cc25048b6175b2d696a4c6) Importer(815301076,1909f56bfc062723c751e8b465ee728b)  -> (artifact id: '56809f42fcce9714e6c51c2757aee47e') in 0.012170 seconds 
  Import took 0.014079 seconds .

========================================================================
Received Import Request.
  Time since last request: 0.000157 seconds.
  path: Assets/Course Library/_Source_Files/FBX/SM_Prop_Bone_01.fbx
  artifactKey: Guid(828481e15b18a254c882f17660366d71) Importer(815301076,1909f56bfc062723c751e8b465ee728b)
Start importing Assets/Course Library/_Source_Files/FBX/SM_Prop_Bone_01.fbx using Guid(828481e15b18a254c882f17660366d71) Importer(815301076,1909f56bfc062723c751e8b465ee728b)  -> (artifact id: '1c30800ce2dc48e31d43ab766dd9979d') in 0.011377 seconds 
  Import took 0.013253 seconds .

========================================================================
Received Import Request.
  Time since last request: 0.000136 seconds.
  path: Assets/Course Library/_Source_Files/FBX/SM_Prop_Steak_01.fbx
  artifactKey: Guid(c55426ee7a822ec4c8ceed2eb60a805e) Importer(815301076,1909f56bfc062723c751e8b465ee728b)
Start importing Assets/Course Library/_Source_Files/FBX/SM_Prop_Steak_01.fbx using Guid(c55426ee7a822ec4c8ceed2eb60a805e) Importer(815301076,1909f56bfc062723c751e8b465ee728b)  -> (artifact id: 'b234f8df2a3647afe62617c747c44ef4') in 0.012124 seconds 
  Import took 0.014061 seconds .

========================================================================
Received Import Request.
  Time since last request: 0.000147 seconds.
  path: Assets/Course Library/_Source_Files/FBX/SM_Prop_Barrel_02.fbx
  artifactKey: Guid(bc0208005b6890d44994050c677eb13f) Importer(815301076,1909f56bfc062723c751e8b465ee728b)
Start importing Assets/Course Library/_Source_Files/FBX/SM_Prop_Barrel_02.fbx using Guid(bc0208005b6890d44994050c677eb13f) Importer(815301076,1909f56bfc062723c751e8b465ee728b)  -> (artifact id: 'c084bd493d8504ad2da8976004a42c6e') in 0.011853 seconds 
  Import took 0.013817 seconds .

========================================================================
Received Import Request.
  Time since last request: 0.000140 seconds.
  path: Assets/Course Library/_Source_Files/FBX/SM_Prop_Synty_Cube_01.fbx
  artifactKey: Guid(6cfe01e70a444224f8eb725e2b22452d) Importer(815301076,1909f56bfc062723c751e8b465ee728b)
Start importing Assets/Course Library/_Source_Files/FBX/SM_Prop_Synty_Cube_01.fbx using Guid(6cfe01e70a444224f8eb725e2b22452d) Importer(815301076,1909f56bfc062723c751e8b465ee728b)  -> (artifact id: 'd8e15e1693aa8686492cd669da0be024') in 0.011141 seconds 
  Import took 0.012959 seconds .

========================================================================
Received Import Request.
  Time since last request: 0.000145 seconds.
  path: Assets/Course Library/_Source_Files/FBX/SI_Food_Organic_Pear_02.fbx
  artifactKey: Guid(fac3f861a349d484a91061b9ed7aa40d) Importer(815301076,1909f56bfc062723c751e8b465ee728b)
Start importing Assets/Course Library/_Source_Files/FBX/SI_Food_Organic_Pear_02.fbx using Guid(fac3f861a349d484a91061b9ed7aa40d) Importer(815301076,1909f56bfc062723c751e8b465ee728b)  -> (artifact id: 'e24b0b4e1dc57d44c9d011795dfb3d7a') in 0.013898 seconds 
  Import took 0.015813 seconds .

========================================================================
Received Import Request.
  Time since last request: 0.000181 seconds.
  path: Assets/Course Library/_Source_Files/FBX/SI_Food_Organic_Apple_01.fbx
  artifactKey: Guid(cf2656555a2f4904f94b09943e34400f) Importer(815301076,1909f56bfc062723c751e8b465ee728b)
Start importing Assets/Course Library/_Source_Files/FBX/SI_Food_Organic_Apple_01.fbx using Guid(cf2656555a2f4904f94b09943e34400f) Importer(815301076,1909f56bfc062723c751e8b465ee728b)  -> (artifact id: '88eaf86afc9d244d7b7aa53c4f0739af') in 0.010731 seconds 
  Import took 0.012788 seconds .

========================================================================
Received Import Request.
  Time since last request: 0.000141 seconds.
  path: Assets/Course Library/_Source_Files/FBX/SM_Prop_Crate_Question_01.fbx
  artifactKey: Guid(78bd0c4c873f8654197ff2905740f24f) Importer(815301076,1909f56bfc062723c751e8b465ee728b)
Start importing Assets/Course Library/_Source_Files/FBX/SM_Prop_Crate_Question_01.fbx using Guid(78bd0c4c873f8654197ff2905740f24f) Importer(815301076,1909f56bfc062723c751e8b465ee728b)  -> (artifact id: '0fac9bdd8a7f0ad6341398cf839e2389') in 0.012461 seconds 
  Import took 0.014302 seconds .

========================================================================
Received Import Request.
  Time since last request: 0.000144 seconds.
  path: Assets/Course Library/_Source_Files/FBX/Ball_Beachball.fbx
  artifactKey: Guid(24b9f0d9f28c60c44b9cc3b309700d3e) Importer(815301076,1909f56bfc062723c751e8b465ee728b)
Start importing Assets/Course Library/_Source_Files/FBX/Ball_Beachball.fbx using Guid(24b9f0d9f28c60c44b9cc3b309700d3e) Importer(815301076,1909f56bfc062723c751e8b465ee728b)  -> (artifact id: 'f9511bcab2a05f92d444ea84a18a50f5') in 0.010921 seconds 
  Import took 0.012945 seconds .

========================================================================
Received Import Request.
  Time since last request: 0.000135 seconds.
  path: Assets/Course Library/_Source_Files/FBX/Ball_Cricket.fbx
  artifactKey: Guid(0809ffbe01df7be48825f622dc36e370) Importer(815301076,1909f56bfc062723c751e8b465ee728b)
Start importing Assets/Course Library/_Source_Files/FBX/Ball_Cricket.fbx using Guid(0809ffbe01df7be48825f622dc36e370) Importer(815301076,1909f56bfc062723c751e8b465ee728b)  -> (artifact id: 'd751d469e4517fb4c82fec5650d52f2e') in 0.010987 seconds 
  Import took 0.013199 seconds .

========================================================================
Received Import Request.
  Time since last request: 0.000153 seconds.
  path: Assets/Course Library/_Source_Files/FBX/Items_Pizza_01.fbx
  artifactKey: Guid(0169642a95e8fce49b967cc4543bcdd8) Importer(815301076,1909f56bfc062723c751e8b465ee728b)
Start importing Assets/Course Library/_Source_Files/FBX/Items_Pizza_01.fbx using Guid(0169642a95e8fce49b967cc4543bcdd8) Importer(815301076,1909f56bfc062723c751e8b465ee728b)  -> (artifact id: '649e38e787b6242659098766a6c17b28') in 0.013093 seconds 
  Import took 0.015103 seconds .

========================================================================
Received Import Request.
  Time since last request: 0.000138 seconds.
  path: Assets/Course Library/_Source_Files/Materials/PolygonCity_Texture_01_A.mat
  artifactKey: Guid(f846a97524f98f44bae9b13d72a2fc49) Importer(815301076,1909f56bfc062723c751e8b465ee728b)
Start importing Assets/Course Library/_Source_Files/Materials/PolygonCity_Texture_01_A.mat using Guid(f846a97524f98f44bae9b13d72a2fc49) Importer(815301076,1909f56bfc062723c751e8b465ee728b)  -> (artifact id: '2e5468ea3b0f166c64cfcb96c3d85ad4') in 0.008312 seconds 
  Import took 0.010626 seconds .

========================================================================
Received Import Request.
  Time since last request: 0.000137 seconds.
  path: Assets/Course Library/_Source_Files/Materials/PolygonPrototype_Texture_01.mat
  artifactKey: Guid(41680dad0f0243748b4e228f49a2e3c4) Importer(815301076,1909f56bfc062723c751e8b465ee728b)
Start importing Assets/Course Library/_Source_Files/Materials/PolygonPrototype_Texture_01.mat using Guid(41680dad0f0243748b4e228f49a2e3c4) Importer(815301076,1909f56bfc062723c751e8b465ee728b)  -> (artifact id: 'c8669f42336ec8c46ed1c231e5d40e1e') in 0.013608 seconds 
  Import took 0.015454 seconds .

========================================================================
Received Import Request.
  Time since last request: 0.000129 seconds.
  path: Assets/Course Library/_Source_Files/Materials/SimpleShopInteriors.mat
  artifactKey: Guid(b243f1f84ea457945900d7c80e573112) Importer(815301076,1909f56bfc062723c751e8b465ee728b)
Start importing Assets/Course Library/_Source_Files/Materials/SimpleShopInteriors.mat using Guid(b243f1f84ea457945900d7c80e573112) Importer(815301076,1909f56bfc062723c751e8b465ee728b)  -> (artifact id: '906b836c3a1fda20d7b8447a8d40729f') in 0.011046 seconds 
  Import took 0.012920 seconds .

========================================================================
Received Import Request.
  Time since last request: 0.000133 seconds.
  path: Assets/Course Library/_Source_Files/Materials/lambert1.mat
  artifactKey: Guid(755a8ab3a8f607b4eb3106d48b449755) Importer(815301076,1909f56bfc062723c751e8b465ee728b)
Start importing Assets/Course Library/_Source_Files/Materials/lambert1.mat using Guid(755a8ab3a8f607b4eb3106d48b449755) Importer(815301076,1909f56bfc062723c751e8b465ee728b)  -> (artifact id: '8b4b745fb6db39a9b4a59a27659c4fa7') in 0.007691 seconds 
  Import took 0.009553 seconds .

========================================================================
Received Import Request.
  Time since last request: 0.000173 seconds.
  path: Assets/Course Library/_Source_Files/Materials/SimpleDogs.mat
  artifactKey: Guid(5a3559dc71a3dee46a71f5627f48bb36) Importer(815301076,1909f56bfc062723c751e8b465ee728b)
Start importing Assets/Course Library/_Source_Files/Materials/SimpleDogs.mat using Guid(5a3559dc71a3dee46a71f5627f48bb36) Importer(815301076,1909f56bfc062723c751e8b465ee728b)  -> (artifact id: '0d7391621b35398c7ba249362c43498d') in 0.012332 seconds 
  Import took 0.014405 seconds .

========================================================================
Received Import Request.
  Time since last request: 0.000137 seconds.
  path: Assets/Course Library/_Source_Files/Materials/SumoBalls_Material_Shiny.mat
  artifactKey: Guid(0f9d505bf2ec96147b48ce4900e112ca) Importer(815301076,1909f56bfc062723c751e8b465ee728b)
Start importing Assets/Course Library/_Source_Files/Materials/SumoBalls_Material_Shiny.mat using Guid(0f9d505bf2ec96147b48ce4900e112ca) Importer(815301076,1909f56bfc062723c751e8b465ee728b)  -> (artifact id: 'edb64226d2e859e1e33d92a85c2b292a') in 0.012165 seconds 
  Import took 0.014018 seconds .

========================================================================
Received Import Request.
  Time since last request: 0.000135 seconds.
  path: Assets/Course Library/_Source_Files/Materials/MilitaryProps.mat
  artifactKey: Guid(af9d3101091f90d4db78a2097d5dcb84) Importer(815301076,1909f56bfc062723c751e8b465ee728b)
Start importing Assets/Course Library/_Source_Files/Materials/MilitaryProps.mat using Guid(af9d3101091f90d4db78a2097d5dcb84) Importer(815301076,1909f56bfc062723c751e8b465ee728b)  -> (artifact id: '07e537f3830c5bdf3aac3660eebacb0e') in 0.013025 seconds 
  Import took 0.014914 seconds .

========================================================================
Received Import Request.
  Time since last request: 0.000133 seconds.
  path: Assets/Course Library/_Source_Files/Materials/SimpleItems.mat
  artifactKey: Guid(dc043a9656f81bc488510dcda2b382ab) Importer(815301076,1909f56bfc062723c751e8b465ee728b)
Start importing Assets/Course Library/_Source_Files/Materials/SimpleItems.mat using Guid(dc043a9656f81bc488510dcda2b382ab) Importer(815301076,1909f56bfc062723c751e8b465ee728b)  -> (artifact id: '248a79af1bac7bf23174210be77bac0a') in 0.009436 seconds 
  Import took 0.011371 seconds .

========================================================================
Received Import Request.
  Time since last request: 0.000161 seconds.
  path: Assets/Course Library/_Source_Files/Materials/SumoBalls_Material.mat
  artifactKey: Guid(ae4ff49dfb4c229488b12d99e4b0e3fc) Importer(815301076,1909f56bfc062723c751e8b465ee728b)
Start importing Assets/Course Library/_Source_Files/Materials/SumoBalls_Material.mat using Guid(ae4ff49dfb4c229488b12d99e4b0e3fc) Importer(815301076,1909f56bfc062723c751e8b465ee728b)  -> (artifact id: '7138a3c55e39c734a1e605e6e0a82682') in 0.008545 seconds 
  Import took 0.010503 seconds .

========================================================================
Received Import Request.
  Time since last request: 0.000235 seconds.
  path: Assets/Course Library/_Source_Files/FBX/SM_Item_Ball_American_01.fbx
  artifactKey: Guid(eba46a380450fdf458c93cbedb07ed96) Importer(815301076,1909f56bfc062723c751e8b465ee728b)
Start importing Assets/Course Library/_Source_Files/FBX/SM_Item_Ball_American_01.fbx using Guid(eba46a380450fdf458c93cbedb07ed96) Importer(815301076,1909f56bfc062723c751e8b465ee728b)  -> (artifact id: '2d00a3de8e79f38fa55af2bc7e570b93') in 0.012731 seconds 
  Import took 0.015005 seconds .

========================================================================
Received Import Request.
  Time since last request: 0.000144 seconds.
  path: Assets/Course Library/_Source_Files/FBX/Items_Cookie_01.fbx
  artifactKey: Guid(d2d314c911e4af5408b077dfed69013d) Importer(815301076,1909f56bfc062723c751e8b465ee728b)
Start importing Assets/Course Library/_Source_Files/FBX/Items_Cookie_01.fbx using Guid(d2d314c911e4af5408b077dfed69013d) Importer(815301076,1909f56bfc062723c751e8b465ee728b)  -> (artifact id: '1b3227418b3d765109ede65269c41487') in 0.010648 seconds 
  Import took 0.012523 seconds .

========================================================================
Received Import Request.
  Time since last request: 0.000147 seconds.
  path: Assets/Course Library/_Source_Files/FBX/SM_Prop_Crate_01.fbx
  artifactKey: Guid(6a1c3c31ad20ee24c837e6aad1e22d80) Importer(815301076,1909f56bfc062723c751e8b465ee728b)
Start importing Assets/Course Library/_Source_Files/FBX/SM_Prop_Crate_01.fbx using Guid(6a1c3c31ad20ee24c837e6aad1e22d80) Importer(815301076,1909f56bfc062723c751e8b465ee728b)  -> (artifact id: 'cbec63a584fbb7dba80526ae96d6f79a') in 0.011220 seconds 
  Import took 0.013383 seconds .

========================================================================
Received Import Request.
  Time since last request: 0.000134 seconds.
  path: Assets/Course Library/_Source_Files/FBX/SM_Item_Ball_Soccer_01.fbx
  artifactKey: Guid(0779dbb263c79eb42a856eeb83797719) Importer(815301076,1909f56bfc062723c751e8b465ee728b)
Start importing Assets/Course Library/_Source_Files/FBX/SM_Item_Ball_Soccer_01.fbx using Guid(0779dbb263c79eb42a856eeb83797719) Importer(815301076,1909f56bfc062723c751e8b465ee728b)  -> (artifact id: 'b715f515776fb09703f7f2411f77d75f') in 0.011453 seconds 
  Import took 0.013313 seconds .

========================================================================
Received Import Request.
  Time since last request: 0.000149 seconds.
  path: Assets/Course Library/_Source_Files/FBX/SM_Primitive_Cube_01.fbx
  artifactKey: Guid(2d56fe2ad841a4f429c64626c08eaae5) Importer(815301076,1909f56bfc062723c751e8b465ee728b)
Start importing Assets/Course Library/_Source_Files/FBX/SM_Primitive_Cube_01.fbx using Guid(2d56fe2ad841a4f429c64626c08eaae5) Importer(815301076,1909f56bfc062723c751e8b465ee728b)  -> (artifact id: '4f7a052601660c7b56bdee3af5586251') in 0.011107 seconds 
  Import took 0.013020 seconds .

========================================================================
Received Import Request.
  Time since last request: 0.000156 seconds.
  path: Assets/Course Library/_Source_Files/FBX/SM_Icon_Skull_01.fbx
  artifactKey: Guid(170db210605ea844695dbbd5c2429940) Importer(815301076,1909f56bfc062723c751e8b465ee728b)
Start importing Assets/Course Library/_Source_Files/FBX/SM_Icon_Skull_01.fbx using Guid(170db210605ea844695dbbd5c2429940) Importer(815301076,1909f56bfc062723c751e8b465ee728b)  -> (artifact id: 'cb0785123fc83f4fa4d8504f37305ba9') in 0.086134 seconds 
  Import took 0.088104 seconds .

========================================================================
Received Import Request.
  Time since last request: 0.000154 seconds.
  path: Assets/Course Library/_Source_Files/FBX/Ball_Nuclear.fbx
  artifactKey: Guid(06e5d0bec391fce41ba27efebe344bec) Importer(815301076,1909f56bfc062723c751e8b465ee728b)
Start importing Assets/Course Library/_Source_Files/FBX/Ball_Nuclear.fbx using Guid(06e5d0bec391fce41ba27efebe344bec) Importer(815301076,1909f56bfc062723c751e8b465ee728b)  -> (artifact id: 'cb053555d4dde58dbe4185e739732c16') in 0.013790 seconds 
  Import took 0.015748 seconds .

========================================================================
Received Import Request.
  Time since last request: 0.000174 seconds.
  path: Assets/Course Library/_Source_Files/FBX/SM_Prop_Bomb_01.fbx
  artifactKey: Guid(5b0eedd9207590f40b02a2b89172c391) Importer(815301076,1909f56bfc062723c751e8b465ee728b)
Start importing Assets/Course Library/_Source_Files/FBX/SM_Prop_Bomb_01.fbx using Guid(5b0eedd9207590f40b02a2b89172c391) Importer(815301076,1909f56bfc062723c751e8b465ee728b)  -> (artifact id: '681a55fb3f8fe6c4ccaf6d930640e4c2') in 0.015774 seconds 
  Import took 0.017829 seconds .

========================================================================
Received Import Request.
  Time since last request: 0.000149 seconds.
  path: Assets/Course Library/_Source_Files/FBX/Ball_Eye.fbx
  artifactKey: Guid(9279821004574e44d857d87b14b3f4b3) Importer(815301076,1909f56bfc062723c751e8b465ee728b)
Start importing Assets/Course Library/_Source_Files/FBX/Ball_Eye.fbx using Guid(9279821004574e44d857d87b14b3f4b3) Importer(815301076,1909f56bfc062723c751e8b465ee728b)  -> (artifact id: '2a8b87756e0358e63b8063e499095e2e') in 0.010807 seconds 
  Import took 0.012842 seconds .

========================================================================
Received Import Request.
  Time since last request: 0.000139 seconds.
  path: Assets/Course Library/_Source_Files/Materials/PolygonCity_Mat_01_A.mat
  artifactKey: Guid(62e25ef75a2216f418d06453c9ad15cb) Importer(815301076,1909f56bfc062723c751e8b465ee728b)
Start importing Assets/Course Library/_Source_Files/Materials/PolygonCity_Mat_01_A.mat using Guid(62e25ef75a2216f418d06453c9ad15cb) Importer(815301076,1909f56bfc062723c751e8b465ee728b)  -> (artifact id: '1963edb49411d93f3b7df86d6998a145') in 0.017832 seconds 
  Import took 0.019744 seconds .

========================================================================
Received Import Request.
  Time since last request: 0.000147 seconds.
  path: Assets/Course Library/_Source_Files/FBX/Items_Sandwich_01.fbx
  artifactKey: Guid(029157f85720f7749bec0a7d852a5894) Importer(815301076,1909f56bfc062723c751e8b465ee728b)
Start importing Assets/Course Library/_Source_Files/FBX/Items_Sandwich_01.fbx using Guid(029157f85720f7749bec0a7d852a5894) Importer(815301076,1909f56bfc062723c751e8b465ee728b)  -> (artifact id: '07a3d6d1d4324874e2196d5bfde67c05') in 0.010189 seconds 
  Import took 0.012189 seconds .

========================================================================
Received Import Request.
  Time since last request: 0.000162 seconds.
  path: Assets/Course Library/_Source_Files/Materials/PolygonPrototype_Texture_04.mat
  artifactKey: Guid(7d22fc6b9a431b043a917fb89a80bcfc) Importer(815301076,1909f56bfc062723c751e8b465ee728b)
Start importing Assets/Course Library/_Source_Files/Materials/PolygonPrototype_Texture_04.mat using Guid(7d22fc6b9a431b043a917fb89a80bcfc) Importer(815301076,1909f56bfc062723c751e8b465ee728b)  -> (artifact id: 'f3df0cc08fe092ded503a31654dd1862') in 0.012294 seconds 
  Import took 0.014217 seconds .

========================================================================
Received Import Request.
  Time since last request: 0.000135 seconds.
  path: Assets/Course Library/_Source_Files/Materials/SimpleIcons.mat
  artifactKey: Guid(9c0880e4cd8a8704e82b6940624b569a) Importer(815301076,1909f56bfc062723c751e8b465ee728b)
Start importing Assets/Course Library/_Source_Files/Materials/SimpleIcons.mat using Guid(9c0880e4cd8a8704e82b6940624b569a) Importer(815301076,1909f56bfc062723c751e8b465ee728b)  -> (artifact id: 'c9445609f9f92f1640bb33d0b522c5e9') in 0.085299 seconds 
  Import took 0.087192 seconds .

========================================================================
Received Import Request.
  Time since last request: 17.173008 seconds.
  path: Assets/Course Library/_Source_Files/SimpleFX/Materials
  artifactKey: Guid(6f118e5c104d748c1b3d30836b6c7e0e) Importer(815301076,1909f56bfc062723c751e8b465ee728b)
Start importing Assets/Course Library/_Source_Files/SimpleFX/Materials using Guid(6f118e5c104d748c1b3d30836b6c7e0e) Importer(815301076,1909f56bfc062723c751e8b465ee728b)  -> (artifact id: '27b2e5aa58fd07d79102fbb77dd85b88') in 0.001104 seconds 
  Import took 0.003080 seconds .

========================================================================
Received Import Request.
  Time since last request: 0.128986 seconds.
  path: Assets/Course Library/_Source_Files/SimpleFX/Materials/FX_Base.mat
  artifactKey: Guid(a0cec58fc32f482418596ffdf7c0d693) Importer(815301076,1909f56bfc062723c751e8b465ee728b)
Start importing Assets/Course Library/_Source_Files/SimpleFX/Materials/FX_Base.mat using Guid(a0cec58fc32f482418596ffdf7c0d693) Importer(815301076,1909f56bfc062723c751e8b465ee728b)  -> (artifact id: 'c04d7ca0d6864aeef74c16270aa98af9') in 0.008113 seconds 
  Import took 0.010173 seconds .

========================================================================
Received Import Request.
  Time since last request: 1.738469 seconds.
  path: Assets/Course Library/_Source_Files/Textures/Emissive_01.png
  artifactKey: Guid(ed8c76cfaa7f4f04da86bd288543e61c) Importer(815301076,1909f56bfc062723c751e8b465ee728b)
Start importing Assets/Course Library/_Source_Files/Textures/Emissive_01.png using Guid(ed8c76cfaa7f4f04da86bd288543e61c) Importer(815301076,1909f56bfc062723c751e8b465ee728b)  -> (artifact id: 'b14c01948a10336e0c06853d7fba02c3') in 0.705895 seconds 
  Import took 0.710907 seconds .

========================================================================
Received Import Request.
  Time since last request: 0.000171 seconds.
  path: Assets/Course Library/_Source_Files/Textures/PolygonCity_Texture_01_A.png
  artifactKey: Guid(fbde5f73f39181f4d9c7e24c34f0bdf8) Importer(815301076,1909f56bfc062723c751e8b465ee728b)
Start importing Assets/Course Library/_Source_Files/Textures/PolygonCity_Texture_01_A.png using Guid(fbde5f73f39181f4d9c7e24c34f0bdf8) Importer(815301076,1909f56bfc062723c751e8b465ee728b)  -> (artifact id: '32db94bfece80ca5637ccf872aea41f2') in 0.006194 seconds 
  Import took 0.008130 seconds .

========================================================================
Received Import Request.
  Time since last request: 0.000129 seconds.
  path: Assets/Course Library/_Source_Files/Textures/SimpleIcons_Texture.png
  artifactKey: Guid(3e3e7739c37f6df4a9ac958352bdd251) Importer(815301076,1909f56bfc062723c751e8b465ee728b)
Start importing Assets/Course Library/_Source_Files/Textures/SimpleIcons_Texture.png using Guid(3e3e7739c37f6df4a9ac958352bdd251) Importer(815301076,1909f56bfc062723c751e8b465ee728b)  -> (artifact id: 'c07641b989ccb75885264dca227178f1') in 0.006042 seconds 
  Import took 0.008105 seconds .

========================================================================
Received Import Request.
  Time since last request: 0.000133 seconds.
  path: Assets/Course Library/_Source_Files/Textures/SimpleDogs.png
  artifactKey: Guid(9430bf83a61e53642891d8823882b08c) Importer(815301076,1909f56bfc062723c751e8b465ee728b)
Start importing Assets/Course Library/_Source_Files/Textures/SimpleDogs.png using Guid(9430bf83a61e53642891d8823882b08c) Importer(815301076,1909f56bfc062723c751e8b465ee728b)  -> (artifact id: '6f6809130d6f33a74d5bbd4a7908d9a2') in 0.005823 seconds 
  Import took 0.007704 seconds .

========================================================================
Received Import Request.
  Time since last request: 0.000133 seconds.
  path: Assets/Course Library/_Source_Files/Textures/PolygonCity_Texture_Normal.png
  artifactKey: Guid(b993ae890161b184188e417d77e0e1a3) Importer(815301076,1909f56bfc062723c751e8b465ee728b)
Start importing Assets/Course Library/_Source_Files/Textures/PolygonCity_Texture_Normal.png using Guid(b993ae890161b184188e417d77e0e1a3) Importer(815301076,1909f56bfc062723c751e8b465ee728b)  -> (artifact id: '91f3465bc740ef2da305ce4c5b7c01df') in 0.010799 seconds 
  Import took 0.012591 seconds .

========================================================================
Received Import Request.
  Time since last request: 0.000145 seconds.
  path: Assets/Course Library/_Source_Files/Textures/PolygonCity_Texture_Metallic.tga
  artifactKey: Guid(2da74f2130b2ca74faacbcaaa83c5a44) Importer(815301076,1909f56bfc062723c751e8b465ee728b)
Start importing Assets/Course Library/_Source_Files/Textures/PolygonCity_Texture_Metallic.tga using Guid(2da74f2130b2ca74faacbcaaa83c5a44) Importer(815301076,1909f56bfc062723c751e8b465ee728b)  -> (artifact id: '132d549d659250f8885c2a6005d7db0d') in 0.650112 seconds 
  Import took 0.654854 seconds .

========================================================================
Received Import Request.
  Time since last request: 0.000203 seconds.
  path: Assets/Course Library/_Source_Files/Textures/PolygonPrototype_Texture_01.png
  artifactKey: Guid(86cb957541c7c8542a6306ffb82e6833) Importer(815301076,1909f56bfc062723c751e8b465ee728b)
Start importing Assets/Course Library/_Source_Files/Textures/PolygonPrototype_Texture_01.png using Guid(86cb957541c7c8542a6306ffb82e6833) Importer(815301076,1909f56bfc062723c751e8b465ee728b)  -> (artifact id: 'e7de033dfa5a9975271a197c0dcb8fa2') in 0.009576 seconds 
  Import took 0.011492 seconds .

========================================================================
Received Import Request.
  Time since last request: 0.000146 seconds.
  path: Assets/Course Library/_Source_Files/Textures/SimpleItems.png
  artifactKey: Guid(38bd1ccdaa9721c4f9c197f3e9e6b9d3) Importer(815301076,1909f56bfc062723c751e8b465ee728b)
Start importing Assets/Course Library/_Source_Files/Textures/SimpleItems.png using Guid(38bd1ccdaa9721c4f9c197f3e9e6b9d3) Importer(815301076,1909f56bfc062723c751e8b465ee728b)  -> (artifact id: 'c9b118a48c0e5962af0351dca011aa1c') in 0.007503 seconds 
  Import took 0.009429 seconds .

========================================================================
Received Import Request.
  Time since last request: 0.000154 seconds.
  path: Assets/Course Library/_Source_Files/Textures/SimpleShopInterior_Texture.png
  artifactKey: Guid(9feefa8c65de5d748bcef29e7e150c3a) Importer(815301076,1909f56bfc062723c751e8b465ee728b)
Start importing Assets/Course Library/_Source_Files/Textures/SimpleShopInterior_Texture.png using Guid(9feefa8c65de5d748bcef29e7e150c3a) Importer(815301076,1909f56bfc062723c751e8b465ee728b)  -> (artifact id: '3666eba1bd6fe1a6201d8138b2fcbd8a') in 0.009607 seconds 
  Import took 0.011561 seconds .

========================================================================
Received Import Request.
  Time since last request: 0.000132 seconds.
  path: Assets/Course Library/_Source_Files/Textures/PolygonPrototype_Texture_04.png
  artifactKey: Guid(56d0dcfd4f388074b86b2ca24191e027) Importer(815301076,1909f56bfc062723c751e8b465ee728b)
Start importing Assets/Course Library/_Source_Files/Textures/PolygonPrototype_Texture_04.png using Guid(56d0dcfd4f388074b86b2ca24191e027) Importer(815301076,1909f56bfc062723c751e8b465ee728b)  -> (artifact id: 'e5aa139aca1bc1ac515a9582cb1d8de2') in 0.009662 seconds 
  Import took 0.011453 seconds .

========================================================================
Received Import Request.
  Time since last request: 0.000138 seconds.
  path: Assets/Course Library/_Source_Files/Textures/SumoBalls.png
  artifactKey: Guid(bc6f15befefa03546a583706345f1d59) Importer(815301076,1909f56bfc062723c751e8b465ee728b)
Start importing Assets/Course Library/_Source_Files/Textures/SumoBalls.png using Guid(bc6f15befefa03546a583706345f1d59) Importer(815301076,1909f56bfc062723c751e8b465ee728b)  -> (artifact id: '11e75e68c872e634f4e4b57a4a69f0d0') in 0.006576 seconds 
  Import took 0.008401 seconds .

========================================================================
Received Import Request.
  Time since last request: 0.000148 seconds.
  path: Assets/Course Library/_Source_Files/Textures/Textures_Props.png
  artifactKey: Guid(ac660800cea938a42ae8f2c5ea24539e) Importer(815301076,1909f56bfc062723c751e8b465ee728b)
Start importing Assets/Course Library/_Source_Files/Textures/Textures_Props.png using Guid(ac660800cea938a42ae8f2c5ea24539e) Importer(815301076,1909f56bfc062723c751e8b465ee728b)  -> (artifact id: '50480de2b1f1c3b01c7fcc98bf9df89c') in 0.007782 seconds 
  Import took 0.009629 seconds .

========================================================================
Received Import Request.
  Time since last request: 8.957911 seconds.
  path: Assets/Course Library/Particles/Explosion_Black.prefab
  artifactKey: Guid(c7ad2532a6eeb40b59033c75e71fa054) Importer(815301076,1909f56bfc062723c751e8b465ee728b)
Start importing Assets/Course Library/Particles/Explosion_Black.prefab using Guid(c7ad2532a6eeb40b59033c75e71fa054) Importer(815301076,1909f56bfc062723c751e8b465ee728b)  -> (artifact id: '0626453fadb2b4e4b9cc4fcc19fa8bb2') in 0.127823 seconds 
  Import took 0.132263 seconds .

========================================================================
Received Import Request.
  Time since last request: 0.000256 seconds.
  path: Assets/Course Library/Particles/Explosion_Grey.prefab
  artifactKey: Guid(ac10190cf200c4f7e881ca8e41d3d760) Importer(815301076,1909f56bfc062723c751e8b465ee728b)
Start importing Assets/Course Library/Particles/Explosion_Grey.prefab using Guid(ac10190cf200c4f7e881ca8e41d3d760) Importer(815301076,1909f56bfc062723c751e8b465ee728b)  -> (artifact id: 'c4a9621d805902824ef96a4670ed50c7') in 0.007714 seconds 
  Import took 0.009887 seconds .

========================================================================
Received Import Request.
  Time since last request: 0.000132 seconds.
  path: Assets/Course Library/Particles/Explosion_Brown.prefab
  artifactKey: Guid(70a1428e5f80a4866a779ef1ab9fe521) Importer(815301076,1909f56bfc062723c751e8b465ee728b)
Start importing Assets/Course Library/Particles/Explosion_Brown.prefab using Guid(70a1428e5f80a4866a779ef1ab9fe521) Importer(815301076,1909f56bfc062723c751e8b465ee728b)  -> (artifact id: '7afad89a0cd2d9f8c8a433fe7731e697') in 0.006518 seconds 
  Import took 0.008516 seconds .

========================================================================
Received Import Request.
  Time since last request: 0.000127 seconds.
  path: Assets/Course Library/Particles/Explosion_Purple.prefab
  artifactKey: Guid(ef43e5aef41c142fb85a7658a397dc75) Importer(815301076,1909f56bfc062723c751e8b465ee728b)
Start importing Assets/Course Library/Particles/Explosion_Purple.prefab using Guid(ef43e5aef41c142fb85a7658a397dc75) Importer(815301076,1909f56bfc062723c751e8b465ee728b)  -> (artifact id: 'aee60059eea1fd7209621cf7b45a55de') in 0.006753 seconds 
  Import took 0.008950 seconds .

========================================================================
Received Import Request.
  Time since last request: 0.000137 seconds.
  path: Assets/Course Library/Particles/Explosion_Orange.prefab
  artifactKey: Guid(ec46c8c4a3cbc429382ee48bd9169b45) Importer(815301076,1909f56bfc062723c751e8b465ee728b)
Start importing Assets/Course Library/Particles/Explosion_Orange.prefab using Guid(ec46c8c4a3cbc429382ee48bd9169b45) Importer(815301076,1909f56bfc062723c751e8b465ee728b)  -> (artifact id: '8d914d1404f1b1f1d1b6667e672f39f1') in 0.007784 seconds 
  Import took 0.009744 seconds .

========================================================================
Received Import Request.
  Time since last request: 0.000142 seconds.
  path: Assets/Course Library/Particles/Explosion_Red.prefab
  artifactKey: Guid(745208c9d6e104225bd99e1ab894e3bb) Importer(815301076,1909f56bfc062723c751e8b465ee728b)
Start importing Assets/Course Library/Particles/Explosion_Red.prefab using Guid(745208c9d6e104225bd99e1ab894e3bb) Importer(815301076,1909f56bfc062723c751e8b465ee728b)  -> (artifact id: '91bbf92e74ba5816d514e942e1ea4ad1') in 0.006232 seconds 
  Import took 0.008157 seconds .

========================================================================
Received Import Request.
  Time since last request: 0.000143 seconds.
  path: Assets/Course Library/Particles/Explosion_Pink.prefab
  artifactKey: Guid(7b4191607aae74c0ab244a8d6e48adbf) Importer(815301076,1909f56bfc062723c751e8b465ee728b)
Start importing Assets/Course Library/Particles/Explosion_Pink.prefab using Guid(7b4191607aae74c0ab244a8d6e48adbf) Importer(815301076,1909f56bfc062723c751e8b465ee728b)  -> (artifact id: '5ef45ab91bc282d4aec22d6ed54f218c') in 0.007248 seconds 
  Import took 0.009098 seconds .

========================================================================
Received Import Request.
  Time since last request: 0.000133 seconds.
  path: Assets/Course Library/Particles/Explosion_Blue.prefab
  artifactKey: Guid(743ce290c74ae49c19aa3f128322fc7e) Importer(815301076,1909f56bfc062723c751e8b465ee728b)
Start importing Assets/Course Library/Particles/Explosion_Blue.prefab using Guid(743ce290c74ae49c19aa3f128322fc7e) Importer(815301076,1909f56bfc062723c751e8b465ee728b)  -> (artifact id: '25478614374d3ddb6cca3a27ddb291e1') in 0.006791 seconds 
  Import took 0.008632 seconds .

========================================================================
Received Import Request.
  Time since last request: 0.000157 seconds.
  path: Assets/Course Library/Particles/Explosion_Yellow.prefab
  artifactKey: Guid(307229a5540374aae98859caad2128a3) Importer(815301076,1909f56bfc062723c751e8b465ee728b)
Start importing Assets/Course Library/Particles/Explosion_Yellow.prefab using Guid(307229a5540374aae98859caad2128a3) Importer(815301076,1909f56bfc062723c751e8b465ee728b)  -> (artifact id: '4a75a5d2fe496dc0696083e67cb285d3') in 0.006452 seconds 
  Import took 0.008446 seconds .

========================================================================
Received Import Request.
  Time since last request: 0.000133 seconds.
  path: Assets/Course Library/Particles/Explosion_Green.prefab
  artifactKey: Guid(6cbc21f5e9162483993a2b84b14d5ac8) Importer(815301076,1909f56bfc062723c751e8b465ee728b)
Start importing Assets/Course Library/Particles/Explosion_Green.prefab using Guid(6cbc21f5e9162483993a2b84b14d5ac8) Importer(815301076,1909f56bfc062723c751e8b465ee728b)  -> (artifact id: 'd35abfa18b22725d11617b49767433b0') in 0.006440 seconds 
  Import took 0.008246 seconds .

========================================================================
Received Import Request.
  Time since last request: 5.413228 seconds.
  path: Assets/Course Library/Props/Other
  artifactKey: Guid(dd10b0821d1df4d6b9f1957fa3e18e67) Importer(815301076,1909f56bfc062723c751e8b465ee728b)
Start importing Assets/Course Library/Props/Other using Guid(dd10b0821d1df4d6b9f1957fa3e18e67) Importer(815301076,1909f56bfc062723c751e8b465ee728b)  -> (artifact id: '26d69e85a060c96f7c1ff6e07d8fe866') in 0.001814 seconds 
  Import took 0.003754 seconds .

========================================================================
Received Import Request.
  Time since last request: 12.860536 seconds.
  path: Assets/TextMesh Pro/Resources
  artifactKey: Guid(243e06394e614e5d99fab26083b707fa) Importer(815301076,1909f56bfc062723c751e8b465ee728b)
Start importing Assets/TextMesh Pro/Resources using Guid(243e06394e614e5d99fab26083b707fa) Importer(815301076,1909f56bfc062723c751e8b465ee728b)  -> (artifact id: '0df7051f5b12f3f69d646d60f9166c36') in 0.001514 seconds 
  Import took 0.003404 seconds .

========================================================================
Received Import Request.
  Time since last request: 0.109317 seconds.
  path: Assets/TextMesh Pro/Resources/TMP Settings.asset
  artifactKey: Guid(3f5b5dff67a942289a9defa416b206f3) Importer(815301076,1909f56bfc062723c751e8b465ee728b)
Start importing Assets/TextMesh Pro/Resources/TMP Settings.asset using Guid(3f5b5dff67a942289a9defa416b206f3) Importer(815301076,1909f56bfc062723c751e8b465ee728b)  -> (artifact id: '80217e6c75f9d2e4957cbc8093faaf48') in 0.145863 seconds 
  Import took 0.149713 seconds .

========================================================================
Received Import Request.
  Time since last request: 2.961489 seconds.
  path: Assets/TextMesh Pro/Sprites/EmojiOne.png
  artifactKey: Guid(dffef66376be4fa480fb02b19edbe903) Importer(815301076,1909f56bfc062723c751e8b465ee728b)
Start importing Assets/TextMesh Pro/Sprites/EmojiOne.png using Guid(dffef66376be4fa480fb02b19edbe903) Importer(815301076,1909f56bfc062723c751e8b465ee728b)  -> (artifact id: 'd78a27303d38c5bc73b55289faa0930d') in 0.012166 seconds 
  Import took 0.017852 seconds .

========================================================================
Received Import Request.
  Time since last request: 22.389779 seconds.
  path: Assets/TextMesh Pro
  artifactKey: Guid(f54d1bd14bd3ca042bd867b519fee8cc) Importer(815301076,1909f56bfc062723c751e8b465ee728b)
Start importing Assets/TextMesh Pro using Guid(f54d1bd14bd3ca042bd867b519fee8cc) Importer(815301076,1909f56bfc062723c751e8b465ee728b)  -> (artifact id: '16b4cbde9565bf190136f1148817e1ea') in 0.001713 seconds 
  Import took 0.003825 seconds .

========================================================================
Received Prepare
Registering precompiled user dll's ...
Registered in 0.001763 seconds.
Begin MonoManager ReloadAssembly
Native extension for OSXStandalone target not found
Refreshing native plugins compatible for Editor in 0.30 ms, found 2 plugins.
Preloading 0 native plugins for Editor in 0.00 ms.
Mono: successfully reloaded assembly
- Completed reload, in  0.903 seconds
Domain Reload Profiling:
	ReloadAssembly (904ms)
		BeginReloadAssembly (98ms)
			ExecutionOrderSort (0ms)
			DisableScriptedObjects (4ms)
			BackupInstance (0ms)
			ReleaseScriptingObjects (0ms)
			CreateAndSetChildDomain (47ms)
		EndReloadAssembly (750ms)
			LoadAssemblies (60ms)
			RebuildTransferFunctionScriptingTraits (0ms)
			SetupTypeCache (285ms)
			ReleaseScriptCaches (1ms)
			RebuildScriptCaches (40ms)
			SetupLoadedEditorAssemblies (261ms)
				LogAssemblyErrors (0ms)
				InitializePlatformSupportModulesInManaged (4ms)
				SetLoadedEditorAssemblies (0ms)
				RefreshPlugins (0ms)
				BeforeProcessingInitializeOnLoad (74ms)
				ProcessInitializeOnLoadAttributes (174ms)
				ProcessInitializeOnLoadMethodAttributes (7ms)
				AfterProcessingInitializeOnLoad (1ms)
				EditorAssembliesLoaded (0ms)
			ExecutionOrderSort2 (0ms)
			AwakeInstancesAfterBackupRestoration (6ms)
Platform modules already initialized, skipping
Refreshing native plugins compatible for Editor in 0.30 ms, found 2 plugins.
Preloading 0 native plugins for Editor in 0.00 ms.
Unloading 1500 Unused Serialized files (Serialized files now loaded: 0)
System memory in use before: 205.9 MB.
System memory in use after: 206.0 MB.

Unloading 16 unused Assets to reduce memory usage. Loaded Objects now: 2044.
Total: 2.012193 ms (FindLiveObjects: 0.102844 ms CreateObjectMapping: 0.037339 ms MarkObjects: 1.858032 ms  DeleteObjects: 0.013333 ms)

AssetImportParameters requested are different than current active one (requested -> active):
  custom:video-decoder-ogg-theora: a1e56fd34408186e4bbccfd4996cb3dc -> 
  custom:container-muxer-webm: aa71ff27fc2769a1b78a27578f13a17b -> 
  custom:container-demuxer-webm: 4f35f7cbe854078d1ac9338744f61a02 -> 
  custom:container-demuxer-ogg: 62fdf1f143b41e24485cea50d1cbac27 -> 
  custom:video-encoder-webm-vp8: eb34c28f22e8b96e1ab97ce403110664 -> 
  custom:framework-osx-AVFoundation: e770b220cccbd017edd2c1fefb359320 -> 
  custom:video-decoder-webm-vp8: 9c59270c3fd7afecdb556c50c9e8de78 -> 
  custom:audio-decoder-ogg-vorbis: bf7c407c2cedff20999df2af8eb42d56 -> 
  custom:audio-encoder-webm-vorbis: bf7c407c2cedff20999df2af8eb42d56 -> 
========================================================================
Received Import Request.
  Time since last request: 63.322818 seconds.
  path: Assets/Scripts/GameManager.cs
  artifactKey: Guid(148e4c6bd391c45619bb230b0454f9af) Importer(815301076,1909f56bfc062723c751e8b465ee728b)
Start importing Assets/Scripts/GameManager.cs using Guid(148e4c6bd391c45619bb230b0454f9af) Importer(815301076,1909f56bfc062723c751e8b465ee728b)  -> (artifact id: '9a4cfb2607525c3875c2a50d63ce0a99') in 0.252028 seconds 
  Import took 0.256603 seconds .

========================================================================
Received Import Request.
  Time since last request: 980.080813 seconds.
  path: Assets/Scripts/Target.cs
  artifactKey: Guid(7fc9d829845d745ee9cef8419c53bae4) Importer(815301076,1909f56bfc062723c751e8b465ee728b)
Start importing Assets/Scripts/Target.cs using Guid(7fc9d829845d745ee9cef8419c53bae4) Importer(815301076,1909f56bfc062723c751e8b465ee728b)  -> (artifact id: '6bf9c15ff3bdc43f0b0b25cc0d2b2a86') in 0.002060 seconds 
  Import took 0.003972 seconds .

========================================================================
Received Prepare
Registering precompiled user dll's ...
Registered in 0.001546 seconds.
Begin MonoManager ReloadAssembly
Native extension for OSXStandalone target not found
Refreshing native plugins compatible for Editor in 0.30 ms, found 2 plugins.
Preloading 0 native plugins for Editor in 0.00 ms.
Mono: successfully reloaded assembly
- Completed reload, in  0.888 seconds
Domain Reload Profiling:
	ReloadAssembly (888ms)
		BeginReloadAssembly (97ms)
			ExecutionOrderSort (0ms)
			DisableScriptedObjects (4ms)
			BackupInstance (0ms)
			ReleaseScriptingObjects (0ms)
			CreateAndSetChildDomain (46ms)
		EndReloadAssembly (736ms)
			LoadAssemblies (59ms)
			RebuildTransferFunctionScriptingTraits (0ms)
			SetupTypeCache (281ms)
			ReleaseScriptCaches (1ms)
			RebuildScriptCaches (40ms)
			SetupLoadedEditorAssemblies (255ms)
				LogAssemblyErrors (0ms)
				InitializePlatformSupportModulesInManaged (4ms)
				SetLoadedEditorAssemblies (0ms)
				RefreshPlugins (0ms)
				BeforeProcessingInitializeOnLoad (72ms)
				ProcessInitializeOnLoadAttributes (170ms)
				ProcessInitializeOnLoadMethodAttributes (7ms)
				AfterProcessingInitializeOnLoad (1ms)
				EditorAssembliesLoaded (0ms)
			ExecutionOrderSort2 (0ms)
			AwakeInstancesAfterBackupRestoration (6ms)
Platform modules already initialized, skipping
Refreshing native plugins compatible for Editor in 0.29 ms, found 2 plugins.
Preloading 0 native plugins for Editor in 0.00 ms.
Unloading 1500 Unused Serialized files (Serialized files now loaded: 0)
System memory in use before: 210.2 MB.
System memory in use after: 210.3 MB.

Unloading 14 unused Assets to reduce memory usage. Loaded Objects now: 2046.
Total: 2.017612 ms (FindLiveObjects: 0.106396 ms CreateObjectMapping: 0.038177 ms MarkObjects: 1.861906 ms  DeleteObjects: 0.010607 ms)

AssetImportParameters requested are different than current active one (requested -> active):
  custom:video-decoder-ogg-theora: a1e56fd34408186e4bbccfd4996cb3dc -> 
  custom:container-muxer-webm: aa71ff27fc2769a1b78a27578f13a17b -> 
  custom:container-demuxer-webm: 4f35f7cbe854078d1ac9338744f61a02 -> 
  custom:container-demuxer-ogg: 62fdf1f143b41e24485cea50d1cbac27 -> 
  custom:video-encoder-webm-vp8: eb34c28f22e8b96e1ab97ce403110664 -> 
  custom:framework-osx-AVFoundation: e770b220cccbd017edd2c1fefb359320 -> 
  custom:video-decoder-webm-vp8: 9c59270c3fd7afecdb556c50c9e8de78 -> 
  custom:audio-decoder-ogg-vorbis: bf7c407c2cedff20999df2af8eb42d56 -> 
  custom:audio-encoder-webm-vorbis: bf7c407c2cedff20999df2af8eb42d56 -> 
========================================================================
Received Prepare
Registering precompiled user dll's ...
Registered in 0.001526 seconds.
Begin MonoManager ReloadAssembly
Native extension for OSXStandalone target not found
Refreshing native plugins compatible for Editor in 0.30 ms, found 2 plugins.
Preloading 0 native plugins for Editor in 0.00 ms.
Mono: successfully reloaded assembly
- Completed reload, in  0.891 seconds
Domain Reload Profiling:
	ReloadAssembly (891ms)
		BeginReloadAssembly (94ms)
			ExecutionOrderSort (0ms)
			DisableScriptedObjects (4ms)
			BackupInstance (0ms)
			ReleaseScriptingObjects (0ms)
			CreateAndSetChildDomain (44ms)
		EndReloadAssembly (741ms)
			LoadAssemblies (60ms)
			RebuildTransferFunctionScriptingTraits (0ms)
			SetupTypeCache (278ms)
			ReleaseScriptCaches (1ms)
			RebuildScriptCaches (39ms)
			SetupLoadedEditorAssemblies (261ms)
				LogAssemblyErrors (0ms)
				InitializePlatformSupportModulesInManaged (4ms)
				SetLoadedEditorAssemblies (0ms)
				RefreshPlugins (0ms)
				BeforeProcessingInitializeOnLoad (73ms)
				ProcessInitializeOnLoadAttributes (175ms)
				ProcessInitializeOnLoadMethodAttributes (7ms)
				AfterProcessingInitializeOnLoad (1ms)
				EditorAssembliesLoaded (0ms)
			ExecutionOrderSort2 (0ms)
			AwakeInstancesAfterBackupRestoration (6ms)
Platform modules already initialized, skipping
Refreshing native plugins compatible for Editor in 0.29 ms, found 2 plugins.
Preloading 0 native plugins for Editor in 0.00 ms.
Unloading 1500 Unused Serialized files (Serialized files now loaded: 0)
System memory in use before: 210.3 MB.
System memory in use after: 210.5 MB.

Unloading 14 unused Assets to reduce memory usage. Loaded Objects now: 2048.
Total: 2.043865 ms (FindLiveObjects: 0.101993 ms CreateObjectMapping: 0.037645 ms MarkObjects: 1.893158 ms  DeleteObjects: 0.010479 ms)

AssetImportParameters requested are different than current active one (requested -> active):
  custom:video-decoder-ogg-theora: a1e56fd34408186e4bbccfd4996cb3dc -> 
  custom:container-muxer-webm: aa71ff27fc2769a1b78a27578f13a17b -> 
  custom:container-demuxer-webm: 4f35f7cbe854078d1ac9338744f61a02 -> 
  custom:container-demuxer-ogg: 62fdf1f143b41e24485cea50d1cbac27 -> 
  custom:video-encoder-webm-vp8: eb34c28f22e8b96e1ab97ce403110664 -> 
  custom:framework-osx-AVFoundation: e770b220cccbd017edd2c1fefb359320 -> 
  custom:video-decoder-webm-vp8: 9c59270c3fd7afecdb556c50c9e8de78 -> 
  custom:audio-decoder-ogg-vorbis: bf7c407c2cedff20999df2af8eb42d56 -> 
  custom:audio-encoder-webm-vorbis: bf7c407c2cedff20999df2af8eb42d56 -> 
========================================================================
Received Import Request.
  Time since last request: 351.568347 seconds.
  path: ProjectSettings/TagManager.asset
  artifactKey: Guid(00000000000000003000000000000000) Importer(815301076,1909f56bfc062723c751e8b465ee728b)
Start importing ProjectSettings/TagManager.asset using Guid(00000000000000003000000000000000) Importer(815301076,1909f56bfc062723c751e8b465ee728b)  -> (artifact id: 'ce6a35c3cddc746e7501c0bd0ed6d4ce') in 0.009973 seconds 
  Import took 0.012015 seconds .

========================================================================
Received Prepare
Registering precompiled user dll's ...
Registered in 0.001563 seconds.
Begin MonoManager ReloadAssembly
Native extension for OSXStandalone target not found
Refreshing native plugins compatible for Editor in 0.30 ms, found 2 plugins.
Preloading 0 native plugins for Editor in 0.00 ms.
Mono: successfully reloaded assembly
- Completed reload, in  0.897 seconds
Domain Reload Profiling:
	ReloadAssembly (897ms)
		BeginReloadAssembly (97ms)
			ExecutionOrderSort (0ms)
			DisableScriptedObjects (4ms)
			BackupInstance (0ms)
			ReleaseScriptingObjects (0ms)
			CreateAndSetChildDomain (46ms)
		EndReloadAssembly (739ms)
			LoadAssemblies (60ms)
			RebuildTransferFunctionScriptingTraits (0ms)
			SetupTypeCache (279ms)
			ReleaseScriptCaches (1ms)
			RebuildScriptCaches (39ms)
			SetupLoadedEditorAssemblies (258ms)
				LogAssemblyErrors (0ms)
				InitializePlatformSupportModulesInManaged (4ms)
				SetLoadedEditorAssemblies (0ms)
				RefreshPlugins (0ms)
				BeforeProcessingInitializeOnLoad (73ms)
				ProcessInitializeOnLoadAttributes (171ms)
				ProcessInitializeOnLoadMethodAttributes (8ms)
				AfterProcessingInitializeOnLoad (2ms)
				EditorAssembliesLoaded (0ms)
			ExecutionOrderSort2 (0ms)
			AwakeInstancesAfterBackupRestoration (6ms)
Platform modules already initialized, skipping
Refreshing native plugins compatible for Editor in 0.28 ms, found 2 plugins.
Preloading 0 native plugins for Editor in 0.00 ms.
Unloading 1500 Unused Serialized files (Serialized files now loaded: 0)
System memory in use before: 210.5 MB.
System memory in use after: 210.6 MB.

Unloading 15 unused Assets to reduce memory usage. Loaded Objects now: 2050.
Total: 2.174518 ms (FindLiveObjects: 0.134797 ms CreateObjectMapping: 0.053716 ms MarkObjects: 1.972672 ms  DeleteObjects: 0.012815 ms)

AssetImportParameters requested are different than current active one (requested -> active):
  custom:video-decoder-ogg-theora: a1e56fd34408186e4bbccfd4996cb3dc -> 
  custom:container-muxer-webm: aa71ff27fc2769a1b78a27578f13a17b -> 
  custom:container-demuxer-webm: 4f35f7cbe854078d1ac9338744f61a02 -> 
  custom:container-demuxer-ogg: 62fdf1f143b41e24485cea50d1cbac27 -> 
  custom:video-encoder-webm-vp8: eb34c28f22e8b96e1ab97ce403110664 -> 
  custom:framework-osx-AVFoundation: e770b220cccbd017edd2c1fefb359320 -> 
  custom:video-decoder-webm-vp8: 9c59270c3fd7afecdb556c50c9e8de78 -> 
  custom:audio-decoder-ogg-vorbis: bf7c407c2cedff20999df2af8eb42d56 -> 
  custom:audio-encoder-webm-vorbis: bf7c407c2cedff20999df2af8eb42d56 -> 
========================================================================
Received Import Request.
  Time since last request: 346.771227 seconds.
  path: Assets/Scripts/GameManager.cs
  artifactKey: Guid(148e4c6bd391c45619bb230b0454f9af) Importer(815301076,1909f56bfc062723c751e8b465ee728b)
Start importing Assets/Scripts/GameManager.cs using Guid(148e4c6bd391c45619bb230b0454f9af) Importer(815301076,1909f56bfc062723c751e8b465ee728b)  -> (artifact id: '2570bce30986cbcc021a999bbbb6df10') in 0.003426 seconds 
  Import took 0.005214 seconds .

AssetImportWorkerClient::OnTransportError - code=2 error=End of file
